<?xml version="1.0" encoding="UTF-8"?>
<!-- Generated by org.testng.reporters.JUnitReportReporter -->
<testsuite hostname="Koushik" failures="0" tests="2" name="practiceCucumber.testRunner" time="12.977" errors="0" timestamp="2024-11-28T23:05:21 IST" skipped="0">
  <testcase classname="practiceCucumber.testRunner" name="runScenario" time="6.923"/>
  <testcase classname="practiceCucumber.testRunner" name="runScenario" time="6.054"/>
</testsuite> <!-- practiceCucumber.testRunner -->
