<?xml version="1.0" encoding="UTF-8"?>
<!-- Generated by org.testng.reporters.JUnitReportReporter -->
<testsuite hostname="Koushik" failures="0" tests="1" name="TestPackage.testTM" time="0.002" errors="0" timestamp="2024-12-19T11:14:23 IST" skipped="0">
  <testcase classname="TestPackage.testTM" name="stringtest" time="0.002"/>
</testsuite> <!-- TestPackage.testTM -->
