<?xml version="1.0" encoding="UTF-8"?>
<!-- Generated by org.testng.reporters.JUnitReportReporter -->
<testsuite hostname="Koushik" failures="0" tests="2" name="cucumber.cucumberTestRunner" time="8.228" errors="0" timestamp="2024-11-28T21:21:15 IST" skipped="0">
  <testcase classname="cucumber.cucumberTestRunner" name="runScenario" time="3.006"/>
  <testcase classname="cucumber.cucumberTestRunner" name="runScenario" time="5.222"/>
</testsuite> <!-- cucumber.cucumberTestRunner -->
