<?xml version="1.0" encoding="UTF-8"?>
<!-- Generated by org.testng.reporters.JUnitReportReporter -->
<testsuite hostname="Koushik" failures="0" tests="1" name="TestPackage.Fileupload" time="4.925" errors="0" timestamp="2024-12-19T18:56:13 IST" skipped="0">
  <testcase classname="TestPackage.Fileupload" name="file" time="4.925"/>
</testsuite> <!-- TestPackage.Fileupload -->
