<?xml version="1.0" encoding="UTF-8"?>
<!-- Generated by org.testng.reporters.JUnitReportReporter -->
<testsuite hostname="Koushik" failures="0" tests="2" name="TestPackage.orangeHRM" time="3.905" errors="0" timestamp="2024-12-19T12:44:51 IST" skipped="0">
  <testcase classname="TestPackage.orangeHRM" name="test" time="2.203"/>
  <testcase classname="TestPackage.orangeHRM" name="test" time="1.702"/>
</testsuite> <!-- TestPackage.orangeHRM -->
