<?xml version="1.0" encoding="UTF-8"?>
<!-- Generated by org.testng.reporters.JUnitReportReporter -->
<testsuite hostname="Koushik" failures="0" tests="1" name="TestPackage.testTM" time="0.017" errors="0" timestamp="2024-12-19T12:43:17 IST" skipped="0">
  <testcase classname="TestPackage.testTM" name="stringtest" time="0.017"/>
</testsuite> <!-- TestPackage.testTM -->
